<?xml version="1.0" encoding="UTF-8"?>
<group name="Navigation">
    <test name="testSimple"
        inputfile="patient-example.xml">
        <expression>name.given</expression>
        <output type="string">Peter</output>
        <output type="string">James</output>
        <output type="string">Jim</output>
    </test>
    
    <test name="testSimpleNone"
        inputfile="patient-example.xml">
        <expression>name.period</expression>
    </test>
    
    <test name="testSimpleDoubleQuotes"
        inputfile="patient-example.xml">
        <expression>name."given"</expression>
        <output type="string">Peter</output>
        <output type="string">James</output>
        <output type="string">Jim</output>
    </test>
    
    <test name="testSimpleFail"
        inputfile="patient-example.xml">
        <expression invalid="true">name.given1</expression>
    </test>
    
    <!-- test(patient(), "Patient.name.given", 3, "string"); -->
    <test name="testSimpleWithContext"
        inputfile="patient-example.xml">
        <expression>Patient.name.given</expression>
        <output type="string">Peter</output>
        <output type="string">James</output>
        <output type="string">Jim</output>
    </test>
    
    <!-- testWrong(patient(), "Encounter.name.given"); -->
    <test name="testSimpleWithWrongContext"
        inputfile="patient-example.xml">
        <expression invalid="true">Encounter.name.given</expression>
    </test>
    
    <test name="testContainedNav"
        inputfile="questionnaire-example.xml">
        <expression>Questionnaire.contained.id</expression>
        <output type="id">yesno</output>
    </test>    

    <!-- This should return in a parse error, but we cannot test that yet
    <test name="testContainedNavNoName"
        inputfile="questionnaire-example.xml">
        <expression invalid="true">Questionnaire.contained.ValueSet.id</expression>
    </test>    
    -->
    
</group>

